<?xml version="1.0" encoding="UTF-8"?>
<testng-results ignored="0" total="1" passed="1" failed="0" skipped="0">
  <reporter-output>
  </reporter-output>
  <suite started-at="2023-10-02T20:23:03 IST" name="Failed suite [OpencartSuite]" finished-at="2023-10-02T20:23:13 IST" duration-ms="10057">
    <groups>
      <group name="Master">
        <method signature="TC_002_LoginTest.test_Login()[pri:0, instance:testCases.TC_002_LoginTest@8462f31]" name="test_Login" class="testCases.TC_002_LoginTest"/>
      </group> <!-- Master -->
      <group name="Sanity">
        <method signature="TC_002_LoginTest.test_Login()[pri:0, instance:testCases.TC_002_LoginTest@8462f31]" name="test_Login" class="testCases.TC_002_LoginTest"/>
      </group> <!-- Sanity -->
    </groups>
    <test started-at="2023-10-02T20:23:03 IST" name="OpencartTest(failed)" finished-at="2023-10-02T20:23:13 IST" duration-ms="10057">
      <class name="testCases.TC_002_LoginTest">
        <test-method is-config="true" signature="setup(java.lang.String)[pri:0, instance:testCases.TC_002_LoginTest@8462f31]" started-at="2023-10-02T20:23:03 IST" name="setup" finished-at="2023-10-02T20:23:12 IST" duration-ms="8477" status="PASS">
          <params>
            <param index="0">
              <value>
                <![CDATA[chrome]]>
              </value>
            </param>
          </params>
          <reporter-output>
          </reporter-output>
        </test-method> <!-- setup -->
        <test-method signature="test_Login()[pri:0, instance:testCases.TC_002_LoginTest@8462f31]" started-at="2023-10-02T20:23:12 IST" name="test_Login" finished-at="2023-10-02T20:23:13 IST" duration-ms="1071" status="PASS">
          <reporter-output>
          </reporter-output>
        </test-method> <!-- test_Login -->
        <test-method is-config="true" signature="tearDown()[pri:0, instance:testCases.TC_002_LoginTest@8462f31]" started-at="2023-10-02T20:23:13 IST" name="tearDown" finished-at="2023-10-02T20:23:13 IST" duration-ms="204" status="PASS">
          <reporter-output>
          </reporter-output>
        </test-method> <!-- tearDown -->
      </class> <!-- testCases.TC_002_LoginTest -->
    </test> <!-- OpencartTest(failed) -->
  </suite> <!-- Failed suite [OpencartSuite] -->
</testng-results>
